<?xml version="1.0" encoding="UTF-8"?>
<testsuite xmlns:xsi="http://www.w3.org/2001/XMLSchema-instance" xsi:noNamespaceSchemaLocation="https://maven.apache.org/surefire/maven-surefire-plugin/xsd/surefire-test-report-3.0.xsd" version="3.0" name="edu.example.shopapp.repository.UserRepositoryTest" time="0.333" tests="4" errors="0" skipped="0" failures="0">
  <properties>
[...]
</properties>
  <testcase name="findByRole_returnsEmpty_whenNoneExist" classname="edu.example.shopapp.repository.UserRepositoryTest" time="0.012">
    <system-out><![CDATA[2026-02-23T00:29:16.276+06:00  INFO 18921 --- [           main] t.c.s.AnnotationConfigContextLoaderUtils : Could not detect default configuration classes for test class [edu.example.shopapp.repository.UserRepositoryTest]: UserRepositoryTest does not declare any static, non-private, non-final, nested classes annotated with @Configuration.
2026-02-23T00:29:16.292+06:00  INFO 18921 --- [           main] .b.t.c.SpringBootTestContextBootstrapper : Found @SpringBootConfiguration edu.example.shopapp.ShopappApplication for test class edu.example.shopapp.repository.UserRepositoryTest
2026-02-23T00:29:16.296+06:00  INFO 18921 --- [           main] o.s.b.d.r.RestartApplicationListener     : Restart disabled due to context in which it is running

  .   ____          _            __ _ _
 /\\ / ___'_ __ _ _(_)_ __  __ _ \ \ \ \
( ( )\___ | '_ | '_| | '_ \/ _` | \ \ \ \
 \\/  ___)| |_)| | | | | || (_| |  ) ) ) )
  '  |____| .__|_| |_|_| |_\__, | / / / /
 =========|_|==============|___/=/_/_/_/
 :: Spring Boot ::               (v3.2.12)

2026-02-23T00:29:16.323+06:00  INFO 18921 --- [           main] e.e.s.repository.UserRepositoryTest      : Starting UserRepositoryTest using Java 17.0.17 with PID 18921 (started by lionking in /home/lionking/Desktop/shopapp)
2026-02-23T00:29:16.323+06:00  INFO 18921 --- [           main] e.e.s.repository.UserRepositoryTest      : No active profile set, falling back to 1 default profile: "default"
2026-02-23T00:29:16.394+06:00  INFO 18921 --- [           main] .s.d.r.c.RepositoryConfigurationDelegate : Bootstrapping Spring Data JPA repositories in DEFAULT mode.
2026-02-23T00:29:16.403+06:00  INFO 18921 --- [           main] .s.d.r.c.RepositoryConfigurationDelegate : Finished Spring Data repository scanning in 8 ms. Found 3 JPA repository interfaces.
2026-02-23T00:29:16.416+06:00  INFO 18921 --- [           main] beddedDataSourceBeanFactoryPostProcessor : Replacing 'dataSource' DataSource bean with embedded version
2026-02-23T00:29:16.437+06:00  INFO 18921 --- [           main] o.s.j.d.e.EmbeddedDatabaseFactory        : Starting embedded database: url='jdbc:h2:mem:12fb66c2-74ab-45a0-8c74-c7f2d3d0e319;DB_CLOSE_DELAY=-1;DB_CLOSE_ON_EXIT=false', username='sa'
2026-02-23T00:29:16.450+06:00  INFO 18921 --- [           main] o.hibernate.jpa.internal.util.LogHelper  : HHH000204: Processing PersistenceUnitInfo [name: default]
2026-02-23T00:29:16.451+06:00  INFO 18921 --- [           main] o.h.c.internal.RegionFactoryInitiator    : HHH000026: Second-level cache disabled
2026-02-23T00:29:16.453+06:00  INFO 18921 --- [           main] o.s.o.j.p.SpringPersistenceUnitInfo      : No LoadTimeWeaver setup: ignoring JPA class transformer
2026-02-23T00:29:16.513+06:00  INFO 18921 --- [           main] o.h.e.t.j.p.i.JtaPlatformInitiator       : HHH000489: No JTA platform available (set 'hibernate.transaction.jta.platform' to enable JTA platform integration)
Hibernate: drop table if exists orders cascade 
Hibernate: drop table if exists product cascade 
Hibernate: drop table if exists users cascade 
Hibernate: create table orders (quantity integer, buyer_id bigint, id bigint generated by default as identity, product_id bigint, status varchar(255) check (status in ('PENDING','CONFIRMED','CANCELLED')), primary key (id))
Hibernate: create table product (price float(53), id bigint generated by default as identity, salesman_id bigint, description varchar(255), name varchar(255), primary key (id))
Hibernate: create table users (id bigint generated by default as identity, password varchar(255) not null, role varchar(255) check (role in ('ROLE_BUYER','ROLE_SALESMAN','ROLE_MANAGER')), username varchar(255) not null unique, primary key (id))
Hibernate: alter table if exists orders add constraint FKhtx3insd5ge6w486omk4fnk54 foreign key (buyer_id) references users
Hibernate: alter table if exists orders add constraint FK787ibr3guwp6xobrpbofnv7le foreign key (product_id) references product
Hibernate: alter table if exists product add constraint FKfygnypf7j4wtgkuw72d0jkdh8 foreign key (salesman_id) references users
2026-02-23T00:29:16.522+06:00  INFO 18921 --- [           main] j.LocalContainerEntityManagerFactoryBean : Initialized JPA EntityManagerFactory for persistence unit 'default'
2026-02-23T00:29:16.559+06:00  INFO 18921 --- [           main] e.e.s.repository.UserRepositoryTest      : Started UserRepositoryTest in 0.263 seconds (process running for 4.901)
Hibernate: select u1_0.id,u1_0.password,u1_0.role,u1_0.username from users u1_0 where u1_0.role=?
]]></system-out>
  </testcase>
  <testcase name="findByRole_returnsBuyersOnly" classname="edu.example.shopapp.repository.UserRepositoryTest" time="0.011">
    <system-out><![CDATA[Hibernate: insert into users (password,role,username,id) values (?,?,?,default)
Hibernate: insert into users (password,role,username,id) values (?,?,?,default)
Hibernate: select u1_0.id,u1_0.password,u1_0.role,u1_0.username from users u1_0 where u1_0.role=?
]]></system-out>
  </testcase>
  <testcase name="findByUsername_returnsUser_whenExists" classname="edu.example.shopapp.repository.UserRepositoryTest" time="0.01">
    <system-out><![CDATA[Hibernate: insert into users (password,role,username,id) values (?,?,?,default)
Hibernate: select u1_0.id,u1_0.password,u1_0.role,u1_0.username from users u1_0 where u1_0.username=?
Hibernate: select u1_0.id,u1_0.password,u1_0.role,u1_0.username from users u1_0 where u1_0.username=?
]]></system-out>
  </testcase>
  <testcase name="findByUsername_returnsEmpty_whenNotFound" classname="edu.example.shopapp.repository.UserRepositoryTest" time="0.007">
    <system-out><![CDATA[Hibernate: select u1_0.id,u1_0.password,u1_0.role,u1_0.username from users u1_0 where u1_0.username=?
]]></system-out>
  </testcase>
</testsuite>