<?xml version="1.0" encoding="UTF-8"?>
<testsuite xmlns:xsi="http://www.w3.org/2001/XMLSchema-instance" xsi:noNamespaceSchemaLocation="https://maven.apache.org/surefire/maven-surefire-plugin/xsd/surefire-test-report-3.0.xsd" version="3.0" name="edu.example.shopapp.integration.AppContextIntegrationTest" time="4.395" tests="1" errors="0" skipped="0" failures="0">
  <properties>
[...]
</properties>
  <testcase name="contextLoads_andKeyBeansAreWired" classname="edu.example.shopapp.integration.AppContextIntegrationTest" time="0.419">
    <system-out><![CDATA[10:18:02.063 [main] INFO org.springframework.test.context.support.AnnotationConfigContextLoaderUtils -- Could not detect default configuration classes for test class [edu.example.shopapp.integration.AppContextIntegrationTest]: AppContextIntegrationTest does not declare any static, non-private, non-final, nested classes annotated with @Configuration.
10:18:02.152 [main] INFO org.springframework.boot.test.context.SpringBootTestContextBootstrapper -- Found @SpringBootConfiguration edu.example.shopapp.ShopappApplication for test class edu.example.shopapp.integration.AppContextIntegrationTest
10:18:02.286 [main] INFO org.springframework.boot.devtools.restart.RestartApplicationListener -- Restart disabled due to context in which it is running

  .   ____          _            __ _ _
 /\\ / ___'_ __ _ _(_)_ __  __ _ \ \ \ \
( ( )\___ | '_ | '_| | '_ \/ _` | \ \ \ \
 \\/  ___)| |_)| | | | | || (_| |  ) ) ) )
  '  |____| .__|_| |_|_| |_\__, | / / / /
 =========|_|==============|___/=/_/_/_/
 :: Spring Boot ::               (v3.2.12)

2026-02-23T10:18:02.500+06:00  INFO 3557 --- [           main] e.e.s.i.AppContextIntegrationTest        : Starting AppContextIntegrationTest using Java 17.0.17 with PID 3557 (started by lionking in /home/lionking/Desktop/shopapp)
2026-02-23T10:18:02.501+06:00  INFO 3557 --- [           main] e.e.s.i.AppContextIntegrationTest        : No active profile set, falling back to 1 default profile: "default"
2026-02-23T10:18:03.094+06:00  INFO 3557 --- [           main] .s.d.r.c.RepositoryConfigurationDelegate : Bootstrapping Spring Data JPA repositories in DEFAULT mode.
2026-02-23T10:18:03.161+06:00  INFO 3557 --- [           main] .s.d.r.c.RepositoryConfigurationDelegate : Finished Spring Data repository scanning in 59 ms. Found 3 JPA repository interfaces.
2026-02-23T10:18:03.625+06:00  INFO 3557 --- [           main] o.hibernate.jpa.internal.util.LogHelper  : HHH000204: Processing PersistenceUnitInfo [name: default]
2026-02-23T10:18:03.661+06:00  INFO 3557 --- [           main] org.hibernate.Version                    : HHH000412: Hibernate ORM core version 6.4.10.Final
2026-02-23T10:18:03.692+06:00  INFO 3557 --- [           main] o.h.c.internal.RegionFactoryInitiator    : HHH000026: Second-level cache disabled
2026-02-23T10:18:03.851+06:00  INFO 3557 --- [           main] o.s.o.j.p.SpringPersistenceUnitInfo      : No LoadTimeWeaver setup: ignoring JPA class transformer
2026-02-23T10:18:03.885+06:00  INFO 3557 --- [           main] com.zaxxer.hikari.HikariDataSource       : HikariPool-1 - Starting...
2026-02-23T10:18:03.966+06:00  INFO 3557 --- [           main] com.zaxxer.hikari.pool.HikariPool        : HikariPool-1 - Added connection org.postgresql.jdbc.PgConnection@1ccdc7aa
2026-02-23T10:18:03.968+06:00  INFO 3557 --- [           main] com.zaxxer.hikari.HikariDataSource       : HikariPool-1 - Start completed.
2026-02-23T10:18:04.641+06:00  INFO 3557 --- [           main] o.h.e.t.j.p.i.JtaPlatformInitiator       : HHH000489: No JTA platform available (set 'hibernate.transaction.jta.platform' to enable JTA platform integration)
2026-02-23T10:18:04.696+06:00  INFO 3557 --- [           main] j.LocalContainerEntityManagerFactoryBean : Initialized JPA EntityManagerFactory for persistence unit 'default'
2026-02-23T10:18:05.073+06:00  WARN 3557 --- [           main] JpaBaseConfiguration$JpaWebConfiguration : spring.jpa.open-in-view is enabled by default. Therefore, database queries may be performed during view rendering. Explicitly configure spring.jpa.open-in-view to disable this warning
2026-02-23T10:18:05.398+06:00  INFO 3557 --- [           main] o.s.s.web.DefaultSecurityFilterChain     : Will secure any request with [org.springframework.security.web.session.DisableEncodeUrlFilter@4e93d23e, org.springframework.security.web.context.request.async.WebAsyncManagerIntegrationFilter@743b7025, org.springframework.security.web.context.SecurityContextHolderFilter@70a91d72, org.springframework.security.web.header.HeaderWriterFilter@ef59aee, org.springframework.security.web.authentication.logout.LogoutFilter@949f0d, edu.example.shopapp.security.JwtFilter@7524125c, org.springframework.security.web.authentication.UsernamePasswordAuthenticationFilter@21fa19e4, org.springframework.security.web.authentication.www.BasicAuthenticationFilter@3733b1f4, org.springframework.security.web.savedrequest.RequestCacheAwareFilter@402d76c7, org.springframework.security.web.servletapi.SecurityContextHolderAwareRequestFilter@1fd77205, org.springframework.security.web.authentication.AnonymousAuthenticationFilter@5eadc347, org.springframework.security.web.access.ExceptionTranslationFilter@92775a3, org.springframework.security.web.access.intercept.AuthorizationFilter@44181746]
2026-02-23T10:18:05.731+06:00  INFO 3557 --- [           main] e.e.s.i.AppContextIntegrationTest        : Started AppContextIntegrationTest in 3.454 seconds (process running for 4.226)
]]></system-out>
  </testcase>
</testsuite>