<?xml version="1.0" encoding="UTF-8"?>
<testsuite xmlns:xsi="http://www.w3.org/2001/XMLSchema-instance" xsi:noNamespaceSchemaLocation="https://maven.apache.org/surefire/maven-surefire-plugin/xsd/surefire-test-report-3.0.xsd" version="3.0" name="edu.example.shopapp.repository.OrderRepositoryTest" time="0.098" tests="5" errors="0" skipped="0" failures="0">
  <properties>
[...]
</properties>
  <testcase name="deleteByBuyer_removesAllBuyerOrders" classname="edu.example.shopapp.repository.OrderRepositoryTest" time="0.028">
    <system-out><![CDATA[2026-02-23T00:29:16.609+06:00  INFO 18921 --- [           main] t.c.s.AnnotationConfigContextLoaderUtils : Could not detect default configuration classes for test class [edu.example.shopapp.repository.OrderRepositoryTest]: OrderRepositoryTest does not declare any static, non-private, non-final, nested classes annotated with @Configuration.
2026-02-23T00:29:16.616+06:00  INFO 18921 --- [           main] .b.t.c.SpringBootTestContextBootstrapper : Found @SpringBootConfiguration edu.example.shopapp.ShopappApplication for test class edu.example.shopapp.repository.OrderRepositoryTest
Hibernate: insert into users (password,role,username,id) values (?,?,?,default)
Hibernate: insert into users (password,role,username,id) values (?,?,?,default)
Hibernate: insert into product (description,name,price,salesman_id,id) values (?,?,?,?,default)
Hibernate: insert into orders (buyer_id,product_id,quantity,status,id) values (?,?,?,?,default)
Hibernate: insert into orders (buyer_id,product_id,quantity,status,id) values (?,?,?,?,default)
Hibernate: select o1_0.id,o1_0.buyer_id,o1_0.product_id,o1_0.quantity,o1_0.status from orders o1_0 where o1_0.buyer_id=?
Hibernate: delete from orders where id=?
Hibernate: delete from orders where id=?
Hibernate: select o1_0.id,o1_0.buyer_id,o1_0.product_id,o1_0.quantity,o1_0.status from orders o1_0 where o1_0.buyer_id=?
]]></system-out>
  </testcase>
  <testcase name="findByBuyer_returnsOrdersForThatBuyer" classname="edu.example.shopapp.repository.OrderRepositoryTest" time="0.012">
    <system-out><![CDATA[Hibernate: insert into users (password,role,username,id) values (?,?,?,default)
Hibernate: insert into users (password,role,username,id) values (?,?,?,default)
Hibernate: insert into product (description,name,price,salesman_id,id) values (?,?,?,?,default)
Hibernate: insert into orders (buyer_id,product_id,quantity,status,id) values (?,?,?,?,default)
Hibernate: select o1_0.id,o1_0.buyer_id,o1_0.product_id,o1_0.quantity,o1_0.status from orders o1_0 where o1_0.buyer_id=?
]]></system-out>
  </testcase>
  <testcase name="deleteByProduct_removesAllProductOrders" classname="edu.example.shopapp.repository.OrderRepositoryTest" time="0.017">
    <system-out><![CDATA[Hibernate: insert into users (password,role,username,id) values (?,?,?,default)
Hibernate: insert into users (password,role,username,id) values (?,?,?,default)
Hibernate: insert into product (description,name,price,salesman_id,id) values (?,?,?,?,default)
Hibernate: insert into users (password,role,username,id) values (?,?,?,default)
Hibernate: insert into orders (buyer_id,product_id,quantity,status,id) values (?,?,?,?,default)
Hibernate: insert into orders (buyer_id,product_id,quantity,status,id) values (?,?,?,?,default)
Hibernate: select o1_0.id,o1_0.buyer_id,o1_0.product_id,o1_0.quantity,o1_0.status from orders o1_0 where o1_0.product_id=?
Hibernate: delete from orders where id=?
Hibernate: delete from orders where id=?
Hibernate: select o1_0.id,o1_0.buyer_id,o1_0.product_id,o1_0.quantity,o1_0.status from orders o1_0 left join product p1_0 on p1_0.id=o1_0.product_id left join users s1_0 on s1_0.id=p1_0.salesman_id where s1_0.id=?
]]></system-out>
  </testcase>
  <testcase name="orderStatus_defaultIsPending" classname="edu.example.shopapp.repository.OrderRepositoryTest" time="0.01">
    <system-out><![CDATA[Hibernate: insert into users (password,role,username,id) values (?,?,?,default)
Hibernate: insert into users (password,role,username,id) values (?,?,?,default)
Hibernate: insert into product (description,name,price,salesman_id,id) values (?,?,?,?,default)
Hibernate: insert into orders (buyer_id,product_id,quantity,status,id) values (?,?,?,?,default)
]]></system-out>
  </testcase>
  <testcase name="findByProductSalesman_returnsOrdersForSalesmanProducts" classname="edu.example.shopapp.repository.OrderRepositoryTest" time="0.013">
    <system-out><![CDATA[Hibernate: insert into users (password,role,username,id) values (?,?,?,default)
Hibernate: insert into users (password,role,username,id) values (?,?,?,default)
Hibernate: insert into product (description,name,price,salesman_id,id) values (?,?,?,?,default)
Hibernate: insert into orders (buyer_id,product_id,quantity,status,id) values (?,?,?,?,default)
Hibernate: select o1_0.id,o1_0.buyer_id,o1_0.product_id,o1_0.quantity,o1_0.status from orders o1_0 left join product p1_0 on p1_0.id=o1_0.product_id left join users s1_0 on s1_0.id=p1_0.salesman_id where s1_0.id=?
]]></system-out>
  </testcase>
</testsuite>