<?xml version="1.0" encoding="UTF-8"?>
<testsuite xmlns:xsi="http://www.w3.org/2001/XMLSchema-instance" xsi:noNamespaceSchemaLocation="https://maven.apache.org/surefire/maven-surefire-plugin/xsd/surefire-test-report-3.0.xsd" version="3.0" name="edu.example.shopapp.integration.AuthFlowIntegrationTest" time="1.575" tests="4" errors="0" skipped="0" failures="0">
  <properties>
[...]
</properties>
  <testcase name="protectedPage_redirectsToLogin_whenNotAuthenticated" classname="edu.example.shopapp.integration.AuthFlowIntegrationTest" time="0.044">
    <system-out><![CDATA[2026-02-23T10:18:06.329+06:00  INFO 3557 --- [           main] t.c.s.AnnotationConfigContextLoaderUtils : Could not detect default configuration classes for test class [edu.example.shopapp.integration.AuthFlowIntegrationTest]: AuthFlowIntegrationTest does not declare any static, non-private, non-final, nested classes annotated with @Configuration.
2026-02-23T10:18:06.340+06:00  INFO 3557 --- [           main] .b.t.c.SpringBootTestContextBootstrapper : Found @SpringBootConfiguration edu.example.shopapp.ShopappApplication for test class edu.example.shopapp.integration.AuthFlowIntegrationTest
2026-02-23T10:18:06.348+06:00  INFO 3557 --- [           main] o.s.b.d.r.RestartApplicationListener     : Restart disabled due to context in which it is running

  .   ____          _            __ _ _
 /\\ / ___'_ __ _ _(_)_ __  __ _ \ \ \ \
( ( )\___ | '_ | '_| | '_ \/ _` | \ \ \ \
 \\/  ___)| |_)| | | | | || (_| |  ) ) ) )
  '  |____| .__|_| |_|_| |_\__, | / / / /
 =========|_|==============|___/=/_/_/_/
 :: Spring Boot ::               (v3.2.12)

2026-02-23T10:18:06.382+06:00  INFO 3557 --- [           main] e.e.s.i.AuthFlowIntegrationTest          : Starting AuthFlowIntegrationTest using Java 17.0.17 with PID 3557 (started by lionking in /home/lionking/Desktop/shopapp)
2026-02-23T10:18:06.382+06:00  INFO 3557 --- [           main] e.e.s.i.AuthFlowIntegrationTest          : No active profile set, falling back to 1 default profile: "default"
2026-02-23T10:18:06.534+06:00  INFO 3557 --- [           main] .s.d.r.c.RepositoryConfigurationDelegate : Bootstrapping Spring Data JPA repositories in DEFAULT mode.
2026-02-23T10:18:06.541+06:00  INFO 3557 --- [           main] .s.d.r.c.RepositoryConfigurationDelegate : Finished Spring Data repository scanning in 7 ms. Found 3 JPA repository interfaces.
2026-02-23T10:18:06.645+06:00  INFO 3557 --- [           main] o.hibernate.jpa.internal.util.LogHelper  : HHH000204: Processing PersistenceUnitInfo [name: default]
2026-02-23T10:18:06.647+06:00  INFO 3557 --- [           main] o.h.c.internal.RegionFactoryInitiator    : HHH000026: Second-level cache disabled
2026-02-23T10:18:06.651+06:00  INFO 3557 --- [           main] o.s.o.j.p.SpringPersistenceUnitInfo      : No LoadTimeWeaver setup: ignoring JPA class transformer
2026-02-23T10:18:06.652+06:00  INFO 3557 --- [           main] com.zaxxer.hikari.HikariDataSource       : HikariPool-2 - Starting...
2026-02-23T10:18:06.660+06:00  INFO 3557 --- [           main] com.zaxxer.hikari.pool.HikariPool        : HikariPool-2 - Added connection org.postgresql.jdbc.PgConnection@144caca6
2026-02-23T10:18:06.660+06:00  INFO 3557 --- [           main] com.zaxxer.hikari.HikariDataSource       : HikariPool-2 - Start completed.
2026-02-23T10:18:06.742+06:00  INFO 3557 --- [           main] o.h.e.t.j.p.i.JtaPlatformInitiator       : HHH000489: No JTA platform available (set 'hibernate.transaction.jta.platform' to enable JTA platform integration)
2026-02-23T10:18:06.789+06:00  INFO 3557 --- [           main] j.LocalContainerEntityManagerFactoryBean : Initialized JPA EntityManagerFactory for persistence unit 'default'
2026-02-23T10:18:06.873+06:00  WARN 3557 --- [           main] JpaBaseConfiguration$JpaWebConfiguration : spring.jpa.open-in-view is enabled by default. Therefore, database queries may be performed during view rendering. Explicitly configure spring.jpa.open-in-view to disable this warning
2026-02-23T10:18:06.963+06:00  INFO 3557 --- [           main] o.s.s.web.DefaultSecurityFilterChain     : Will secure any request with [org.springframework.security.web.session.DisableEncodeUrlFilter@38bce2ed, org.springframework.security.web.context.request.async.WebAsyncManagerIntegrationFilter@5c91b751, org.springframework.security.web.context.SecurityContextHolderFilter@2dbfb843, org.springframework.security.web.header.HeaderWriterFilter@7b13ae73, org.springframework.security.web.authentication.logout.LogoutFilter@68ecc60e, edu.example.shopapp.security.JwtFilter@54bf2319, org.springframework.security.web.authentication.UsernamePasswordAuthenticationFilter@70028163, org.springframework.security.web.authentication.www.BasicAuthenticationFilter@7ed0e5db, org.springframework.security.web.savedrequest.RequestCacheAwareFilter@5ab2c5d8, org.springframework.security.web.servletapi.SecurityContextHolderAwareRequestFilter@5ec75178, org.springframework.security.web.authentication.AnonymousAuthenticationFilter@38fc2c39, org.springframework.security.web.access.ExceptionTranslationFilter@d012e18, org.springframework.security.web.access.intercept.AuthorizationFilter@40949bb0]
2026-02-23T10:18:07.088+06:00  INFO 3557 --- [           main] o.s.b.t.m.w.SpringBootMockServletContext : Initializing Spring TestDispatcherServlet ''
2026-02-23T10:18:07.089+06:00  INFO 3557 --- [           main] o.s.t.web.servlet.TestDispatcherServlet  : Initializing Servlet ''
2026-02-23T10:18:07.090+06:00  INFO 3557 --- [           main] o.s.t.web.servlet.TestDispatcherServlet  : Completed initialization in 1 ms
2026-02-23T10:18:07.099+06:00  INFO 3557 --- [           main] e.e.s.i.AuthFlowIntegrationTest          : Started AuthFlowIntegrationTest in 0.752 seconds (process running for 5.594)
]]></system-out>
  </testcase>
  <testcase name="apiLogin_withValidCredentials_returnsJwtToken" classname="edu.example.shopapp.integration.AuthFlowIntegrationTest" time="0.465"/>
  <testcase name="loginPage_isAccessibleWithout_authentication" classname="edu.example.shopapp.integration.AuthFlowIntegrationTest" time="0.199"/>
  <testcase name="register_newBuyer_redirectsToLogin" classname="edu.example.shopapp.integration.AuthFlowIntegrationTest" time="0.072"/>
</testsuite>