<?xml version="1.0" encoding="UTF-8"?>
<testsuite xmlns:xsi="http://www.w3.org/2001/XMLSchema-instance" xsi:noNamespaceSchemaLocation="https://maven.apache.org/surefire/maven-surefire-plugin/xsd/surefire-test-report-3.0.xsd" version="3.0" name="edu.example.shopapp.controller.AuthControllerTest" time="4.237" tests="7" errors="0" skipped="0" failures="0">
  <properties>
[...]
</properties>
  <testcase name="homePage_redirectsToLogin_whenNotAuthenticated" classname="edu.example.shopapp.controller.AuthControllerTest" time="0.399">
    <system-out><![CDATA[00:29:12.153 [main] INFO org.springframework.test.context.support.AnnotationConfigContextLoaderUtils -- Could not detect default configuration classes for test class [edu.example.shopapp.controller.AuthControllerTest]: AuthControllerTest does not declare any static, non-private, non-final, nested classes annotated with @Configuration.
00:29:12.228 [main] INFO org.springframework.boot.test.context.SpringBootTestContextBootstrapper -- Found @SpringBootConfiguration edu.example.shopapp.ShopappApplication for test class edu.example.shopapp.controller.AuthControllerTest
00:29:12.325 [main] INFO org.springframework.boot.devtools.restart.RestartApplicationListener -- Restart disabled due to context in which it is running

  .   ____          _            __ _ _
 /\\ / ___'_ __ _ _(_)_ __  __ _ \ \ \ \
( ( )\___ | '_ | '_| | '_ \/ _` | \ \ \ \
 \\/  ___)| |_)| | | | | || (_| |  ) ) ) )
  '  |____| .__|_| |_|_| |_\__, | / / / /
 =========|_|==============|___/=/_/_/_/
 :: Spring Boot ::               (v3.2.12)

2026-02-23T00:29:12.502+06:00  INFO 18921 --- [           main] e.e.s.controller.AuthControllerTest      : Starting AuthControllerTest using Java 17.0.17 with PID 18921 (started by lionking in /home/lionking/Desktop/shopapp)
2026-02-23T00:29:12.504+06:00  INFO 18921 --- [           main] e.e.s.controller.AuthControllerTest      : No active profile set, falling back to 1 default profile: "default"
2026-02-23T00:29:12.976+06:00  INFO 18921 --- [           main] .s.d.r.c.RepositoryConfigurationDelegate : Bootstrapping Spring Data JPA repositories in DEFAULT mode.
2026-02-23T00:29:13.007+06:00  INFO 18921 --- [           main] .s.d.r.c.RepositoryConfigurationDelegate : Finished Spring Data repository scanning in 27 ms. Found 3 JPA repository interfaces.
2026-02-23T00:29:13.330+06:00  INFO 18921 --- [           main] o.hibernate.jpa.internal.util.LogHelper  : HHH000204: Processing PersistenceUnitInfo [name: default]
2026-02-23T00:29:13.360+06:00  INFO 18921 --- [           main] org.hibernate.Version                    : HHH000412: Hibernate ORM core version 6.4.10.Final
2026-02-23T00:29:13.380+06:00  INFO 18921 --- [           main] o.h.c.internal.RegionFactoryInitiator    : HHH000026: Second-level cache disabled
2026-02-23T00:29:13.514+06:00  INFO 18921 --- [           main] o.s.o.j.p.SpringPersistenceUnitInfo      : No LoadTimeWeaver setup: ignoring JPA class transformer
2026-02-23T00:29:13.529+06:00  INFO 18921 --- [           main] com.zaxxer.hikari.HikariDataSource       : HikariPool-1 - Starting...
2026-02-23T00:29:13.640+06:00  INFO 18921 --- [           main] com.zaxxer.hikari.pool.HikariPool        : HikariPool-1 - Added connection conn0: url=jdbc:h2:mem:shopdb user=SA
2026-02-23T00:29:13.641+06:00  INFO 18921 --- [           main] com.zaxxer.hikari.HikariDataSource       : HikariPool-1 - Start completed.
2026-02-23T00:29:14.086+06:00  INFO 18921 --- [           main] o.h.e.t.j.p.i.JtaPlatformInitiator       : HHH000489: No JTA platform available (set 'hibernate.transaction.jta.platform' to enable JTA platform integration)
2026-02-23T00:29:14.113+06:00  INFO 18921 --- [           main] j.LocalContainerEntityManagerFactoryBean : Initialized JPA EntityManagerFactory for persistence unit 'default'
2026-02-23T00:29:14.398+06:00  WARN 18921 --- [           main] JpaBaseConfiguration$JpaWebConfiguration : spring.jpa.open-in-view is enabled by default. Therefore, database queries may be performed during view rendering. Explicitly configure spring.jpa.open-in-view to disable this warning
2026-02-23T00:29:14.701+06:00  INFO 18921 --- [           main] o.s.s.web.DefaultSecurityFilterChain     : Will secure any request with [org.springframework.security.web.session.DisableEncodeUrlFilter@2dc72c0c, org.springframework.security.web.context.request.async.WebAsyncManagerIntegrationFilter@1dc28c66, org.springframework.security.web.context.SecurityContextHolderFilter@30dd23e2, org.springframework.security.web.header.HeaderWriterFilter@45dfb6a4, org.springframework.security.web.authentication.logout.LogoutFilter@3d0697da, org.springframework.security.web.authentication.UsernamePasswordAuthenticationFilter@356cb230, org.springframework.security.web.authentication.www.BasicAuthenticationFilter@2738a1fc, org.springframework.security.web.savedrequest.RequestCacheAwareFilter@75693526, org.springframework.security.web.servletapi.SecurityContextHolderAwareRequestFilter@603a34e5, org.springframework.security.web.authentication.AnonymousAuthenticationFilter@7f97e963, org.springframework.security.web.access.ExceptionTranslationFilter@711fbcef, org.springframework.security.web.access.intercept.AuthorizationFilter@fe337]
2026-02-23T00:29:14.919+06:00  INFO 18921 --- [           main] o.s.b.a.h2.H2ConsoleAutoConfiguration    : H2 console available at '/h2-console'. Database available at 'jdbc:h2:mem:shopdb'
2026-02-23T00:29:15.034+06:00  INFO 18921 --- [           main] o.s.b.t.m.w.SpringBootMockServletContext : Initializing Spring TestDispatcherServlet ''
2026-02-23T00:29:15.035+06:00  INFO 18921 --- [           main] o.s.t.web.servlet.TestDispatcherServlet  : Initializing Servlet ''
2026-02-23T00:29:15.037+06:00  INFO 18921 --- [           main] o.s.t.web.servlet.TestDispatcherServlet  : Completed initialization in 2 ms
2026-02-23T00:29:15.072+06:00  INFO 18921 --- [           main] e.e.s.controller.AuthControllerTest      : Started AuthControllerTest in 2.752 seconds (process running for 3.414)
]]></system-out>
  </testcase>
  <testcase name="buyerDashboard_redirectsToLogin_whenNotAuthenticated" classname="edu.example.shopapp.controller.AuthControllerTest" time="0.008"/>
  <testcase name="register_duplicateUsername_showsErrorOnRegisterPage" classname="edu.example.shopapp.controller.AuthControllerTest" time="0.222"/>
  <testcase name="register_salesman_assignsSalesmanRole" classname="edu.example.shopapp.controller.AuthControllerTest" time="0.067"/>
  <testcase name="registerPage_returns200" classname="edu.example.shopapp.controller.AuthControllerTest" time="0.009"/>
  <testcase name="loginPage_returns200" classname="edu.example.shopapp.controller.AuthControllerTest" time="0.009"/>
  <testcase name="register_buyer_redirectsToLogin" classname="edu.example.shopapp.controller.AuthControllerTest" time="0.071"/>
</testsuite>